#
# A fatal error has been detected by the Java Runtime Environment:
#
#  EXCEPTION_ACCESS_VIOLATION (0xc0000005) at pc=0x000000005957f570, pid=3772, tid=1196
#
# JRE version: Java(TM) SE Runtime Environment (8.0_60-b27) (build 1.8.0_60-b27)
# Java VM: Java HotSpot(TM) 64-Bit Server VM (25.60-b23 mixed mode windows-amd64 compressed oops)
# Problematic frame:
# C  0x000000005957f570
#
# Failed to write core dump. Minidumps are not enabled by default on client versions of Windows
#
# If you would like to submit a bug report, please visit:
#   http://bugreport.java.com/bugreport/crash.jsp
#

---------------  T H R E A D  ---------------

Current thread (0x0000000057648800):  JavaThread "C1 CompilerThread2" daemon [_thread_in_vm, id=1196, stack(0x0000000059480000,0x0000000059580000)]

siginfo: ExceptionCode=0xc0000005, ExceptionInformation=0x0000000000000008 0x000000005957f570

Registers:
RAX=0x000000005d42a6e0, RBX=0x0000000057648800, RCX=0x0000000000000000, RDX=0x0000000000000000
RSP=0x000000005957e7e8, RBP=0x000000005c512cb0, RSI=0x000000005957e8c8, RDI=0x000000005957eaa8
R8 =0x000000000000000c, R9 =0x000000005762fa48, R10=0x000000006ab190e8, R11=0x000000006ab190e8
R12=0x00000000000002b7, R13=0x000000005957f570, R14=0x000000005d42a6a0, R15=0x0000000000000000
RIP=0x000000005957f570, EFLAGS=0x0000000000010202

Top of Stack: (sp=0x000000005957e7e8)
0x000000005957e7e8:   000000008237f438 000000005c512cb0
0x000000005957e7f8:   000000005e8be800 000000005d42a6c0
0x000000005957e808:   0000000057648800 000000000000301a
0x000000005957e818:   000000006a58775a 0000000000000015
0x000000005957e828:   000000005e8c2571 00000000021bde10
0x000000005957e838:   0000000057648800 000000005a0f3d90
0x000000005957e848:   000000006a582b84 000000005a0f3d90
0x000000005957e858:   000000005957e950 000000005d42a6c0
0x000000005957e868:   000000005c512cb0 00000000021bde10
0x000000005957e878:   000000006a56eaed 000000005957f570
0x000000005957e888:   000000005c512cb0 000000005957e8c8
0x000000005957e898:   000000005d42a6c0 0000000000000000
0x000000005957e8a8:   000000006a58775a 000000005e8be800
0x000000005957e8b8:   0000000000000000 00000000021bdb30
0x000000005957e8c8:   000000005f8b7c10 0000000057648800
0x000000005957e8d8:   000000006a582b84 000000005a0f3d90 

Instructions: (pc=0x000000005957f570)
0x000000005957f550:   01 da 91 58 5b 01 00 00 ac 10 14 fd fe 07 00 00
0x000000005957f560:   09 f6 57 59 00 00 00 00 d0 9d 2e 03 00 00 00 00
0x000000005957f570:   78 f5 57 59 00 00 00 00 06 00 00 00 fe 07 00 00
0x000000005957f580:   80 3d 0f 5a 00 00 00 00 b0 60 42 5d 00 00 00 00 


Register to memory mapping:

RAX=0x000000005d42a6e0 is an unknown value
RBX=0x0000000057648800 is a thread
RCX=0x0000000000000000 is an unknown value
RDX=0x0000000000000000 is an unknown value
RSP=0x000000005957e7e8 is pointing into the stack for thread: 0x0000000057648800
RBP=0x000000005c512cb0 is an unknown value
RSI=0x000000005957e8c8 is pointing into the stack for thread: 0x0000000057648800
RDI=0x000000005957eaa8 is pointing into the stack for thread: 0x0000000057648800
R8 =0x000000000000000c is an unknown value
R9 =0x000000005762fa48 is an unknown value
R10=0x000000006ab190e8 is an unknown value
R11=0x000000006ab190e8 is an unknown value
R12=0x00000000000002b7 is an unknown value
R13=0x000000005957f570 is pointing into the stack for thread: 0x0000000057648800
R14=0x000000005d42a6a0 is an unknown value
R15=0x0000000000000000 is an unknown value


Stack: [0x0000000059480000,0x0000000059580000],  sp=0x000000005957e7e8,  free space=1017k
Native frames: (J=compiled Java code, j=interpreted, Vv=VM code, C=native code)
C  0x000000005957f570


Current CompileTask:
C1:  25018 4648   !   3       com.sun.tools.javac.jvm.ClassWriter::enterInner (252 bytes)


---------------  P R O C E S S  ---------------

Java Threads: ( => current thread )
  0x0000000058f8e800 JavaThread "Service Thread" daemon [_thread_blocked, id=3116, stack(0x0000000059620000,0x0000000059720000)]
=>0x0000000057648800 JavaThread "C1 CompilerThread2" daemon [_thread_in_vm, id=1196, stack(0x0000000059480000,0x0000000059580000)]
  0x0000000057647000 JavaThread "C2 CompilerThread1" daemon [_thread_blocked, id=6520, stack(0x0000000058e10000,0x0000000058f10000)]
  0x000000005763f800 JavaThread "C2 CompilerThread0" daemon [_thread_blocked, id=4736, stack(0x0000000058b20000,0x0000000058c20000)]
  0x000000005763e800 JavaThread "Attach Listener" daemon [_thread_blocked, id=4224, stack(0x0000000058c60000,0x0000000058d60000)]
  0x000000005764c800 JavaThread "Signal Dispatcher" daemon [_thread_blocked, id=6588, stack(0x0000000058970000,0x0000000058a70000)]
  0x00000000575e8000 JavaThread "Finalizer" daemon [_thread_blocked, id=1288, stack(0x00000000587b0000,0x00000000588b0000)]
  0x00000000575e1000 JavaThread "Reference Handler" daemon [_thread_blocked, id=3340, stack(0x00000000585e0000,0x00000000586e0000)]
  0x000000000212f000 JavaThread "main" [_thread_in_vm, id=5984, stack(0x0000000002590000,0x0000000002690000)]

Other Threads:
  0x00000000575db800 VMThread [stack: 0x00000000584c0000,0x00000000585c0000] [id=5756]
  0x0000000058fbd800 WatcherThread [stack: 0x0000000059890000,0x0000000059990000] [id=4144]

VM state:not at safepoint (normal execution)

VM Mutex/Monitor currently owned by a thread: None

Heap:
 PSYoungGen      total 142336K, used 61559K [0x00000000d5e00000, 0x00000000e7500000, 0x0000000100000000)
  eden space 131072K, 46% used [0x00000000d5e00000,0x00000000d9a1de58,0x00000000dde00000)
  from space 11264K, 0% used [0x00000000dde00000,0x00000000dde00000,0x00000000de900000)
  to   space 11776K, 0% used [0x00000000e6980000,0x00000000e6980000,0x00000000e7500000)
 ParOldGen       total 60416K, used 15446K [0x0000000081a00000, 0x0000000085500000, 0x00000000d5e00000)
  object space 60416K, 25% used [0x0000000081a00000,0x00000000829158d0,0x0000000085500000)
 Metaspace       used 24344K, capacity 24802K, committed 25088K, reserved 1071104K
  class space    used 2889K, capacity 3044K, committed 3072K, reserved 1048576K

Card table byte_map: [0x0000000011d20000,0x0000000012120000] byte_map_base: 0x0000000011913000

Marking Bits: (ParMarkBitMap*) 0x000000006ad4a5b0
 Begin Bits: [0x0000000012920000, 0x00000000148b8000)
 End Bits:   [0x00000000148b8000, 0x0000000016850000)

Polling page: 0x0000000000430000

CodeCache: size=245760Kb used=12963Kb max_used=12963Kb free=232796Kb
 bounds [0x0000000002960000, 0x0000000003620000, 0x0000000011960000]
 total_blobs=4537 nmethods=4136 adapters=313
 compilation: enabled

Compilation events (10 events):
Event: 24.989 Thread 0x0000000057648800 nmethod 4639 0x000000000360f350 code [0x000000000360f620, 0x00000000036108b8]
Event: 24.989 Thread 0x0000000057648800 4644       3       com.sun.tools.javac.jvm.Code::emitop (114 bytes)
Event: 24.992 Thread 0x0000000057648800 nmethod 4644 0x0000000003611410 code [0x00000000036116e0, 0x00000000036128f8]
Event: 24.992 Thread 0x0000000057648800 4647       3       com.sun.tools.javac.jvm.ClassFile::externalize (16 bytes)
Event: 24.992 Thread 0x0000000057648800 nmethod 4647 0x0000000003613150 code [0x00000000036132e0, 0x0000000003613698]
Event: 24.992 Thread 0x0000000057648800 4641       3       com.sun.tools.javac.comp.Resolve$4::checkArg (22 bytes)
Event: 24.993 Thread 0x0000000057648800 nmethod 4641 0x00000000036057d0 code [0x0000000003605940, 0x0000000003605bb8]
Event: 24.993 Thread 0x0000000057648800 4642       3       com.sun.tools.javac.comp.Resolve$4::methodCheckResult (44 bytes)
Event: 24.994 Thread 0x0000000057648800 nmethod 4642 0x00000000036137d0 code [0x0000000003613960, 0x0000000003613ee8]
Event: 24.994 Thread 0x0000000057648800 4648   !   3       com.sun.tools.javac.jvm.ClassWriter::enterInner (252 bytes)

GC Heap History (10 events):
Event: 1.841 GC heap before
{Heap before GC invocations=4 (full 0):
 PSYoungGen      total 38400K, used 38400K [0x00000000d5e00000, 0x00000000da900000, 0x0000000100000000)
  eden space 33280K, 100% used [0x00000000d5e00000,0x00000000d7e80000,0x00000000d7e80000)
  from space 5120K, 100% used [0x00000000d7e80000,0x00000000d8380000,0x00000000d8380000)
  to   space 5120K, 0% used [0x00000000da400000,0x00000000da400000,0x00000000da900000)
 ParOldGen       total 87552K, used 3915K [0x0000000081a00000, 0x0000000086f80000, 0x00000000d5e00000)
  object space 87552K, 4% used [0x0000000081a00000,0x0000000081dd2df0,0x0000000086f80000)
 Metaspace       used 12531K, capacity 12748K, committed 12928K, reserved 1060864K
  class space    used 1518K, capacity 1580K, committed 1664K, reserved 1048576K
Event: 1.850 GC heap after
Heap after GC invocations=4 (full 0):
 PSYoungGen      total 71680K, used 5088K [0x00000000d5e00000, 0x00000000da900000, 0x0000000100000000)
  eden space 66560K, 0% used [0x00000000d5e00000,0x00000000d5e00000,0x00000000d9f00000)
  from space 5120K, 99% used [0x00000000da400000,0x00000000da8f8020,0x00000000da900000)
  to   space 5120K, 0% used [0x00000000d9f00000,0x00000000d9f00000,0x00000000da400000)
 ParOldGen       total 87552K, used 5603K [0x0000000081a00000, 0x0000000086f80000, 0x00000000d5e00000)
  object space 87552K, 6% used [0x0000000081a00000,0x0000000081f78e20,0x0000000086f80000)
 Metaspace       used 12531K, capacity 12748K, committed 12928K, reserved 1060864K
  class space    used 1518K, capacity 1580K, committed 1664K, reserved 1048576K
}
Event: 2.329 GC heap before
{Heap before GC invocations=5 (full 0):
 PSYoungGen      total 71680K, used 71648K [0x00000000d5e00000, 0x00000000da900000, 0x0000000100000000)
  eden space 66560K, 100% used [0x00000000d5e00000,0x00000000d9f00000,0x00000000d9f00000)
  from space 5120K, 99% used [0x00000000da400000,0x00000000da8f8020,0x00000000da900000)
  to   space 5120K, 0% used [0x00000000d9f00000,0x00000000d9f00000,0x00000000da400000)
 ParOldGen       total 87552K, used 5603K [0x0000000081a00000, 0x0000000086f80000, 0x00000000d5e00000)
  object space 87552K, 6% used [0x0000000081a00000,0x0000000081f78e20,0x0000000086f80000)
 Metaspace       used 12748K, capacity 12976K, committed 13184K, reserved 1060864K
  class space    used 1522K, capacity 1586K, committed 1664K, reserved 1048576K
Event: 2.354 GC heap after
Heap after GC invocations=5 (full 0):
 PSYoungGen      total 71680K, used 5104K [0x00000000d5e00000, 0x00000000df200000, 0x0000000100000000)
  eden space 66560K, 0% used [0x00000000d5e00000,0x00000000d5e00000,0x00000000d9f00000)
  from space 5120K, 99% used [0x00000000d9f00000,0x00000000da3fc010,0x00000000da400000)
  to   space 9216K, 0% used [0x00000000de900000,0x00000000de900000,0x00000000df200000)
 ParOldGen       total 87552K, used 8795K [0x0000000081a00000, 0x0000000086f80000, 0x00000000d5e00000)
  object space 87552K, 10% used [0x0000000081a00000,0x0000000082296e20,0x0000000086f80000)
 Metaspace       used 12748K, capacity 12976K, committed 13184K, reserved 1060864K
  class space    used 1522K, capacity 1586K, committed 1664K, reserved 1048576K
}
Event: 6.305 GC heap before
{Heap before GC invocations=6 (full 0):
 PSYoungGen      total 71680K, used 71664K [0x00000000d5e00000, 0x00000000df200000, 0x0000000100000000)
  eden space 66560K, 100% used [0x00000000d5e00000,0x00000000d9f00000,0x00000000d9f00000)
  from space 5120K, 99% used [0x00000000d9f00000,0x00000000da3fc010,0x00000000da400000)
  to   space 9216K, 0% used [0x00000000de900000,0x00000000de900000,0x00000000df200000)
 ParOldGen       total 87552K, used 8795K [0x0000000081a00000, 0x0000000086f80000, 0x00000000d5e00000)
  object space 87552K, 10% used [0x0000000081a00000,0x0000000082296e20,0x0000000086f80000)
 Metaspace       used 17945K, capacity 18310K, committed 18432K, reserved 1064960K
  class space    used 2163K, capacity 2288K, committed 2304K, reserved 1048576K
Event: 6.328 GC heap after
Heap after GC invocations=6 (full 0):
 PSYoungGen      total 140288K, used 9215K [0x00000000d5e00000, 0x00000000df600000, 0x0000000100000000)
  eden space 131072K, 0% used [0x00000000d5e00000,0x00000000d5e00000,0x00000000dde00000)
  from space 9216K, 99% used [0x00000000de900000,0x00000000df1ffd60,0x00000000df200000)
  to   space 11264K, 0% used [0x00000000dde00000,0x00000000dde00000,0x00000000de900000)
 ParOldGen       total 87552K, used 10408K [0x0000000081a00000, 0x0000000086f80000, 0x00000000d5e00000)
  object space 87552K, 11% used [0x0000000081a00000,0x000000008242a198,0x0000000086f80000)
 Metaspace       used 17945K, capacity 18310K, committed 18432K, reserved 1064960K
  class space    used 2163K, capacity 2288K, committed 2304K, reserved 1048576K
}
Event: 22.933 GC heap before
{Heap before GC invocations=7 (full 0):
 PSYoungGen      total 140288K, used 110165K [0x00000000d5e00000, 0x00000000df600000, 0x0000000100000000)
  eden space 131072K, 77% used [0x00000000d5e00000,0x00000000dc095a10,0x00000000dde00000)
  from space 9216K, 99% used [0x00000000de900000,0x00000000df1ffd60,0x00000000df200000)
  to   space 11264K, 0% used [0x00000000dde00000,0x00000000dde00000,0x00000000de900000)
 ParOldGen       total 87552K, used 10408K [0x0000000081a00000, 0x0000000086f80000, 0x00000000d5e00000)
  object space 87552K, 11% used [0x0000000081a00000,0x000000008242a198,0x0000000086f80000)
 Metaspace       used 20758K, capacity 21122K, committed 21296K, reserved 1069056K
  class space    used 2485K, capacity 2628K, committed 2688K, reserved 1048576K
Event: 23.140 GC heap after
Heap after GC invocations=7 (full 0):
 PSYoungGen      total 142336K, used 9161K [0x00000000d5e00000, 0x00000000e7500000, 0x0000000100000000)
  eden space 131072K, 0% used [0x00000000d5e00000,0x00000000d5e00000,0x00000000dde00000)
  from space 11264K, 81% used [0x00000000dde00000,0x00000000de6f2550,0x00000000de900000)
  to   space 11776K, 0% used [0x00000000e6980000,0x00000000e6980000,0x00000000e7500000)
 ParOldGen       total 87552K, used 12042K [0x0000000081a00000, 0x0000000086f80000, 0x00000000d5e00000)
  object space 87552K, 13% used [0x0000000081a00000,0x00000000825c29c8,0x0000000086f80000)
 Metaspace       used 20758K, capacity 21122K, committed 21296K, reserved 1069056K
  class space    used 2485K, capacity 2628K, committed 2688K, reserved 1048576K
}
Event: 23.140 GC heap before
{Heap before GC invocations=8 (full 1):
 PSYoungGen      total 142336K, used 9161K [0x00000000d5e00000, 0x00000000e7500000, 0x0000000100000000)
  eden space 131072K, 0% used [0x00000000d5e00000,0x00000000d5e00000,0x00000000dde00000)
  from space 11264K, 81% used [0x00000000dde00000,0x00000000de6f2550,0x00000000de900000)
  to   space 11776K, 0% used [0x00000000e6980000,0x00000000e6980000,0x00000000e7500000)
 ParOldGen       total 87552K, used 12042K [0x0000000081a00000, 0x0000000086f80000, 0x00000000d5e00000)
  object space 87552K, 13% used [0x0000000081a00000,0x00000000825c29c8,0x0000000086f80000)
 Metaspace       used 20758K, capacity 21122K, committed 21296K, reserved 1069056K
  class space    used 2485K, capacity 2628K, committed 2688K, reserved 1048576K
Event: 23.295 GC heap after
Heap after GC invocations=8 (full 1):
 PSYoungGen      total 142336K, used 0K [0x00000000d5e00000, 0x00000000e7500000, 0x0000000100000000)
  eden space 131072K, 0% used [0x00000000d5e00000,0x00000000d5e00000,0x00000000dde00000)
  from space 11264K, 0% used [0x00000000dde00000,0x00000000dde00000,0x00000000de900000)
  to   space 11776K, 0% used [0x00000000e6980000,0x00000000e6980000,0x00000000e7500000)
 ParOldGen       total 60416K, used 15446K [0x0000000081a00000, 0x0000000085500000, 0x00000000d5e00000)
  object space 60416K, 25% used [0x0000000081a00000,0x00000000829158d0,0x0000000085500000)
 Metaspace       used 20758K, capacity 21122K, committed 21296K, reserved 1069056K
  class space    used 2485K, capacity 2628K, committed 2688K, reserved 1048576K
}

Deoptimization events (10 events):
Event: 24.079 Thread 0x000000000212f000 Uncommon trap: reason=unstable_if action=reinterpret pc=0x000000000346cc90 method=com.sun.tools.javac.util.Name$Table.equals([BI[BII)Z @ 22
Event: 24.246 Thread 0x000000000212f000 Uncommon trap: reason=bimorphic action=maybe_recompile pc=0x00000000032c84b0 method=java.util.HashMap.putVal(ILjava/lang/Object;Ljava/lang/Object;ZZ)Ljava/lang/Object; @ 253
Event: 24.247 Thread 0x000000000212f000 Uncommon trap: reason=bimorphic action=maybe_recompile pc=0x00000000032c84b0 method=java.util.HashMap.putVal(ILjava/lang/Object;Ljava/lang/Object;ZZ)Ljava/lang/Object; @ 253
Event: 24.247 Thread 0x000000000212f000 Uncommon trap: reason=bimorphic action=maybe_recompile pc=0x00000000032474d0 method=java.util.HashMap.putVal(ILjava/lang/Object;Ljava/lang/Object;ZZ)Ljava/lang/Object; @ 253
Event: 24.302 Thread 0x000000000212f000 Uncommon trap: reason=unstable_if action=reinterpret pc=0x00000000034e3560 method=com.sun.tools.javac.code.Scope.lookup(Lcom/sun/tools/javac/util/Name;Lcom/sun/tools/javac/util/Filter;)Lcom/sun/tools/javac/code/Scope$Entry; @ 54
Event: 24.395 Thread 0x000000000212f000 Uncommon trap: reason=unstable_if action=reinterpret pc=0x0000000002a63be0 method=java.lang.Integer.valueOf(I)Ljava/lang/Integer; @ 3
Event: 24.755 Thread 0x000000000212f000 Uncommon trap: reason=unstable_if action=reinterpret pc=0x000000000352d96c method=com.sun.tools.javac.code.Scope.enter(Lcom/sun/tools/javac/code/Symbol;Lcom/sun/tools/javac/code/Scope;Lcom/sun/tools/javac/code/Scope;Z)V @ 116
Event: 24.765 Thread 0x000000000212f000 Uncommon trap: reason=unstable_if action=reinterpret pc=0x00000000034c1490 method=com.sun.tools.javac.jvm.ClassReader.classSigToType()Lcom/sun/tools/javac/code/Type; @ 148
Event: 24.767 Thread 0x000000000212f000 Uncommon trap: reason=class_check action=maybe_recompile pc=0x000000000359d914 method=com.sun.tools.javac.code.Type$ClassType.allparams()Lcom/sun/tools/javac/util/List; @ 16
Event: 24.778 Thread 0x000000000212f000 Uncommon trap: reason=unstable_if action=reinterpret pc=0x000000000359d8b4 method=com.sun.tools.javac.code.Types$18.visitClassType(Lcom/sun/tools/javac/code/Type$ClassType;Ljava/lang/Void;)Lcom/sun/tools/javac/code/Type; @ 75

Internal exceptions (10 events):
Event: 19.616 Thread 0x000000005c617800 Exception <a 'java/net/SocketTimeoutException': Read timed out> (0x00000000daf41cf8) thrown at [C:\re\workspace\8-2-build-windows-amd64-cygwin\jdk8u60\4407\hotspot\src\share\vm\prims\jni.cpp, line 735]
Event: 19.691 Thread 0x000000005c618000 Exception <a 'java/net/SocketTimeoutException': Read timed out> (0x00000000db0c6590) thrown at [C:\re\workspace\8-2-build-windows-amd64-cygwin\jdk8u60\4407\hotspot\src\share\vm\prims\jni.cpp, line 735]
Event: 19.737 Thread 0x000000005c619000 Exception <a 'java/net/SocketTimeoutException': Read timed out> (0x00000000dae4fdc8) thrown at [C:\re\workspace\8-2-build-windows-amd64-cygwin\jdk8u60\4407\hotspot\src\share\vm\prims\jni.cpp, line 735]
Event: 21.122 Thread 0x000000005c619000 Exception <a 'java/net/SocketTimeoutException': Read timed out> (0x00000000dae663c8) thrown at [C:\re\workspace\8-2-build-windows-amd64-cygwin\jdk8u60\4407\hotspot\src\share\vm\prims\jni.cpp, line 735]
Event: 21.253 Thread 0x000000005c616800 Exception <a 'java/net/SocketTimeoutException': Read timed out> (0x00000000dad12e00) thrown at [C:\re\workspace\8-2-build-windows-amd64-cygwin\jdk8u60\4407\hotspot\src\share\vm\prims\jni.cpp, line 735]
Event: 21.945 Thread 0x000000005c616000 Exception <a 'java/net/SocketTimeoutException': Read timed out> (0x00000000dac11e68) thrown at [C:\re\workspace\8-2-build-windows-amd64-cygwin\jdk8u60\4407\hotspot\src\share\vm\prims\jni.cpp, line 735]
Event: 22.142 Thread 0x000000000212f000 Exception <a 'java/lang/NoClassDefFoundError': org/slf4j/Logger> (0x00000000db2cc4b8) thrown at [C:\re\workspace\8-2-build-windows-amd64-cygwin\jdk8u60\4407\hotspot\src\share\vm\oops\constantPool.cpp, line 235]
Event: 22.306 Thread 0x000000000212f000 Exception <a 'java/lang/ClassNotFoundException': com/sun/tools/javac/api/JavacTool> (0x00000000db577aa8) thrown at [C:\re\workspace\8-2-build-windows-amd64-cygwin\jdk8u60\4407\hotspot\src\share\vm\classfile\systemDictionary.cpp, line 210]
Event: 23.767 Thread 0x000000000212f000 Exception <a 'java/io/FileNotFoundException'> (0x00000000d71ba4d0) thrown at [C:\re\workspace\8-2-build-windows-amd64-cygwin\jdk8u60\4407\hotspot\src\share\vm\prims\jni.cpp, line 709]
Event: 23.770 Thread 0x000000000212f000 Exception <a 'java/io/FileNotFoundException'> (0x00000000d71ee1e0) thrown at [C:\re\workspace\8-2-build-windows-amd64-cygwin\jdk8u60\4407\hotspot\src\share\vm\prims\jni.cpp, line 709]

Events (10 events):
Event: 24.889 loading class com/sun/tools/javac/jvm/Pool$MethodHandle$2
Event: 24.889 loading class com/sun/tools/javac/jvm/Pool$MethodHandle$2 done
Event: 24.978 loading class com/sun/tools/javac/code/Kinds
Event: 24.978 loading class com/sun/tools/javac/code/Kinds done
Event: 24.979 loading class com/sun/tools/javac/code/Kinds$1
Event: 24.979 loading class com/sun/tools/javac/code/Kinds$1 done
Event: 24.980 loading class com/sun/tools/javac/code/Kinds$KindName
Event: 24.980 loading class com/sun/tools/javac/code/Kinds$KindName done
Event: 24.986 loading class com/sun/tools/javac/jvm/Pool$DynamicMethod
Event: 24.986 loading class com/sun/tools/javac/jvm/Pool$DynamicMethod done


Dynamic libraries:
0x000000013f320000 - 0x000000013f357000 	C:\Program Files\Java\jdk1.8.0_60\bin\java.exe
0x0000000077220000 - 0x00000000773ca000 	C:\Windows\SYSTEM32\ntdll.dll
0x0000000077000000 - 0x000000007711f000 	C:\Windows\system32\kernel32.dll
0x000007fefd140000 - 0x000007fefd1aa000 	C:\Windows\system32\KERNELBASE.dll
0x000007fefe090000 - 0x000007fefe16b000 	C:\Windows\system32\ADVAPI32.dll
0x000007fefdac0000 - 0x000007fefdb5f000 	C:\Windows\system32\msvcrt.dll
0x000007fefd460000 - 0x000007fefd47f000 	C:\Windows\SYSTEM32\sechost.dll
0x000007fefe170000 - 0x000007fefe29d000 	C:\Windows\system32\RPCRT4.dll
0x0000000077120000 - 0x000000007721a000 	C:\Windows\system32\USER32.dll
0x000007fefda50000 - 0x000007fefdab7000 	C:\Windows\system32\GDI32.dll
0x000007fefda40000 - 0x000007fefda4e000 	C:\Windows\system32\LPK.dll
0x000007feff080000 - 0x000007feff14b000 	C:\Windows\system32\USP10.dll
0x000007fefba80000 - 0x000007fefbc74000 	C:\Windows\WinSxS\amd64_microsoft.windows.common-controls_6595b64144ccf1df_6.0.7601.18837_none_fa3b1e3d17594757\COMCTL32.dll
0x000007fefd5f0000 - 0x000007fefd661000 	C:\Windows\system32\SHLWAPI.dll
0x000007fefd480000 - 0x000007fefd4ae000 	C:\Windows\system32\IMM32.DLL
0x000007feff420000 - 0x000007feff529000 	C:\Windows\system32\MSCTF.dll
0x0000000070030000 - 0x0000000070102000 	C:\Program Files\Java\jdk1.8.0_60\jre\bin\msvcr100.dll
0x000000006a540000 - 0x000000006adc9000 	C:\Program Files\Java\jdk1.8.0_60\jre\bin\server\jvm.dll
0x000007fefab50000 - 0x000007fefab59000 	C:\Windows\system32\WSOCK32.dll
0x000007fefe2a0000 - 0x000007fefe2ed000 	C:\Windows\system32\WS2_32.dll
0x000007fefdb60000 - 0x000007fefdb68000 	C:\Windows\system32\NSI.dll
0x000007fef9c70000 - 0x000007fef9cab000 	C:\Windows\system32\WINMM.dll
0x000007fefbfa0000 - 0x000007fefbfac000 	C:\Windows\system32\VERSION.dll
0x00000000773e0000 - 0x00000000773e7000 	C:\Windows\system32\PSAPI.DLL
0x0000000073f20000 - 0x0000000073f2f000 	C:\Program Files\Java\jdk1.8.0_60\jre\bin\verify.dll
0x0000000073ef0000 - 0x0000000073f19000 	C:\Program Files\Java\jdk1.8.0_60\jre\bin\java.dll
0x0000000073ed0000 - 0x0000000073ee6000 	C:\Program Files\Java\jdk1.8.0_60\jre\bin\zip.dll
0x000007fefe2f0000 - 0x000007feff07a000 	C:\Windows\system32\SHELL32.dll
0x000007fefdbf0000 - 0x000007fefddec000 	C:\Windows\system32\ole32.dll
0x000007fefcf10000 - 0x000007fefcf1f000 	C:\Windows\system32\profapi.dll
0x000007fefcd50000 - 0x000007fefcda7000 	C:\Windows\system32\apphelp.dll
0x0000000073eb0000 - 0x0000000073eca000 	C:\Program Files\Java\jdk1.8.0_60\jre\bin\net.dll
0x000007fefc6a0000 - 0x000007fefc6f5000 	C:\Windows\system32\mswsock.dll
0x000007fefc690000 - 0x000007fefc697000 	C:\Windows\System32\wship6.dll
0x00000000719c0000 - 0x00000000719d1000 	C:\Program Files\Java\jdk1.8.0_60\jre\bin\nio.dll
0x00000000717d0000 - 0x00000000717f4000 	C:\Program Files\Java\jdk1.8.0_60\jre\bin\sunec.dll
0x000007fefc700000 - 0x000007fefc718000 	C:\Windows\system32\CRYPTSP.dll
0x000007fefc400000 - 0x000007fefc447000 	C:\Windows\system32\rsaenh.dll
0x000007fefcf30000 - 0x000007fefcf4e000 	C:\Windows\system32\USERENV.dll
0x000007fefcdb0000 - 0x000007fefcdbf000 	C:\Windows\system32\CRYPTBASE.dll
0x000007fefa330000 - 0x000007fefa357000 	C:\Windows\system32\IPHLPAPI.DLL
0x000007fefa320000 - 0x000007fefa32b000 	C:\Windows\system32\WINNSI.DLL
0x000007fef9520000 - 0x000007fef9538000 	C:\Windows\system32\dhcpcsvc.DLL
0x000007fef9500000 - 0x000007fef9511000 	C:\Windows\system32\dhcpcsvc6.DLL
0x000007fefc0c0000 - 0x000007fefc0c7000 	C:\Windows\System32\wshtcpip.dll
0x000007fefc520000 - 0x000007fefc57b000 	C:\Windows\system32\DNSAPI.dll
0x000007fef1ea0000 - 0x000007fef1ea8000 	C:\Windows\system32\rasadhlp.dll
0x000007fef9550000 - 0x000007fef95a3000 	C:\Windows\System32\fwpuclnt.dll
0x000007fef27c0000 - 0x000007fef28e5000 	C:\Windows\system32\dbghelp.dll

VM Arguments:
jvm_args: -Dclassworlds.conf=C:\Program Files\NetBeans 8.2\java\maven\bin\m2.conf -Dmaven.home=C:\Program Files\NetBeans 8.2\java\maven 
java_command: org.codehaus.plexus.classworlds.launcher.Launcher -DskipTests=true -Dmaven.ext.class.path=C:\Program Files\NetBeans 8.2\java\maven-nblib\netbeans-eventspy.jar -Dfile.encoding=UTF-8 --fail-at-end install
java_class_path (initial): C:\Program Files\NetBeans 8.2\java\maven\boot\plexus-classworlds-2.4.jar
Launcher Type: SUN_STANDARD

Environment Variables:
JAVA_HOME=C:\Program Files\Java\jdk1.8.0_60
PATH=C:\ProgramData\Oracle\Java\javapath;C:\Program Files (x86)\Intel\iCLS Client\;C:\Program Files\Intel\iCLS Client\;C:\Windows\system32;C:\Windows;C:\Windows\System32\Wbem;C:\Windows\System32\WindowsPowerShell\v1.0\;C:\Program Files\7-Zip;C:\Program Files\Intel\Intel(R) Management Engine Components\DAL;C:\Program Files\Intel\Intel(R) Management Engine Components\IPT;C:\Program Files (x86)\Intel\Intel(R) Management Engine Components\DAL;C:\Program Files (x86)\Intel\Intel(R) Management Engine Components\IPT
USERNAME=Kenan
OS=Windows_NT
PROCESSOR_IDENTIFIER=Intel64 Family 6 Model 69 Stepping 1, GenuineIntel



---------------  S Y S T E M  ---------------

OS: Windows 7 , 64 bit Build 7601 (6.1.7601.23915)

CPU:total 4 (2 cores per cpu, 2 threads per core) family 6 model 69 stepping 1, cmov, cx8, fxsr, mmx, sse, sse2, sse3, ssse3, sse4.1, sse4.2, popcnt, avx, avx2, aes, clmul, erms, lzcnt, ht, tsc, tscinvbit, bmi1, bmi2

Memory: 4k page, physical 8274288k(2738292k free), swap 16546716k(8843264k free)

vm_info: Java HotSpot(TM) 64-Bit Server VM (25.60-b23) for windows-amd64 JRE (1.8.0_60-b27), built on Aug  4 2015 11:06:27 by "java_re" with MS VC++ 10.0 (VS2010)

time: Sat Sep 22 13:31:37 2018
elapsed time: 25 seconds (0d 0h 0m 25s)

